<?xml version="1.0" encoding="UTF-8"?>
<!-- Generated by org.testng.reporters.JUnitReportReporter -->
<testsuite skipped="0" hostname="Himanshu" name="com.happy.testcases.CreateAccountTest" tests="1" failures="0" timestamp="14 Jul 2020 11:42:27 GMT" time="74.894" errors="0">
  <testcase name="createAccountTest" time="74.894" classname="com.happy.testcases.CreateAccountTest"/>
</testsuite> <!-- com.happy.testcases.CreateAccountTest -->
